
*** Running vivado
    with args -log dual_portram.vds -m64 -product Vivado -mode batch -messageDb vivado.pb -notrace -source dual_portram.tcl


****** Vivado v2024.2 (64-bit)
  **** SW Build 5239630 on Fri Nov 08 22:34:34 MST 2024
  **** IP Build 5239520 on Sun Nov 10 16:12:51 MST 2024
  **** SharedData Build 5239561 on Fri Nov 08 14:39:27 MST 2024
  **** Start of session at: Mon Aug 25 10:02:31 2025
    ** Copyright 1986-2022 Xilinx, Inc. All Rights Reserved.
    ** Copyright 2022-2024 Advanced Micro Devices, Inc. All Rights Reserved.

source dual_portram.tcl -notrace
Command: read_checkpoint -auto_incremental -incremental /home/voidknight/DigitalTherm/project_1.srcs/utils_1/imports/synth_1/i2cmaster.dcp
INFO: [Vivado 12-5825] Read reference checkpoint from /home/voidknight/DigitalTherm/project_1.srcs/utils_1/imports/synth_1/i2cmaster.dcp for incremental synthesis
INFO: [Vivado 12-7989] Please ensure there are no constraint changes
Command: synth_design -top dual_portram -part xc7a35tcpg236-2L
Starting synth_design
Attempting to get a license for feature 'Synthesis' and/or device 'xc7a35t'
INFO: [Common 17-349] Got license for feature 'Synthesis' and/or device 'xc7a35t'
INFO: [Synth 8-7079] Multithreading enabled for synth_design using a maximum of 7 processes.
INFO: [Synth 8-7078] Launching helper process for spawning children vivado processes
INFO: [Synth 8-7075] Helper process launched with PID 18282
---------------------------------------------------------------------------------
Starting Synthesize : Time (s): cpu = 00:00:04 ; elapsed = 00:00:04 . Memory (MB): peak = 1741.938 ; gain = 268.859 ; free physical = 4927 ; free virtual = 13624
---------------------------------------------------------------------------------
INFO: [Synth 8-6157] synthesizing module 'dual_portram' [/home/voidknight/DigitalTherm/dual_portram.sv:23]
ERROR: [Synth 8-91] ambiguous clock in event control [/home/voidknight/DigitalTherm/dual_portram.sv:35]
ERROR: [Synth 8-6156] failed synthesizing module 'dual_portram' [/home/voidknight/DigitalTherm/dual_portram.sv:23]
---------------------------------------------------------------------------------
Finished Synthesize : Time (s): cpu = 00:00:05 ; elapsed = 00:00:05 . Memory (MB): peak = 1812.906 ; gain = 339.828 ; free physical = 4847 ; free virtual = 13545
---------------------------------------------------------------------------------
synthesize failed
INFO: [Common 17-83] Releasing license: Synthesis
8 Infos, 0 Warnings, 0 Critical Warnings and 3 Errors encountered.
synth_design failed
ERROR: [Common 17-69] Command failed: Vivado Synthesis failed
INFO: [Common 17-206] Exiting Vivado at Mon Aug 25 10:02:41 2025...
